nohup: ignoring input
render_isotropic.py:41: DeprecationWarning: `np.str` is a deprecated alias for the builtin `str`. To silence this warning, use `str` by itself. Doing this will not modify any behavior and is safe. If you specifically wanted the numpy scalar type, use `np.str_` here.
Deprecated in NumPy 1.20; for more details and guidance: https://numpy.org/devdocs/release/1.20.0-notes.html#deprecations
  obj_names = np.loadtxt(obj_file, dtype=np.str)[min_obj:max_obj]
render_isotropic.py:49: DeprecationWarning: `np.float` is a deprecated alias for the builtin `float`. To silence this warning, use `float` by itself. Doing this will not modify any behavior and is safe. If you specifically wanted the numpy scalar type, use `np.float64` here.
Deprecated in NumPy 1.20; for more details and guidance: https://numpy.org/devdocs/release/1.20.0-notes.html#deprecations
  v = np.array([0., 0., 1.], dtype=np.float)
[Parallel(n_jobs=128)]: Using backend ThreadingBackend with 128 concurrent workers.
[Parallel(n_jobs=128)]: Done  32 tasks      | elapsed:    0.1s
[Parallel(n_jobs=128)]: Done 194 tasks      | elapsed:    0.4s
[Parallel(n_jobs=128)]: Done 392 tasks      | elapsed:    0.8s
[Parallel(n_jobs=128)]: Done 626 tasks      | elapsed:    1.2s
[Parallel(n_jobs=128)]: Done 896 tasks      | elapsed:    1.7s
[Parallel(n_jobs=128)]: Done 1202 tasks      | elapsed:    2.4s
[Parallel(n_jobs=128)]: Done 1544 tasks      | elapsed:    3.2s
[Parallel(n_jobs=128)]: Done 1922 tasks      | elapsed:    4.0s
[Parallel(n_jobs=128)]: Done 2336 tasks      | elapsed:    4.4s
[Parallel(n_jobs=128)]: Done 2786 tasks      | elapsed:    5.3s
[Parallel(n_jobs=128)]: Done 3272 tasks      | elapsed:    6.3s
[Parallel(n_jobs=128)]: Done 3794 tasks      | elapsed:    7.3s
[Parallel(n_jobs=128)]: Done 4352 tasks      | elapsed:    8.4s
[Parallel(n_jobs=128)]: Done 4946 tasks      | elapsed:    9.6s
[Parallel(n_jobs=128)]: Done 5576 tasks      | elapsed:   10.8s
[Parallel(n_jobs=128)]: Done 6242 tasks      | elapsed:   12.0s
[Parallel(n_jobs=128)]: Done 6944 tasks      | elapsed:   13.8s
[Parallel(n_jobs=128)]: Done 7860 out of 7860 | elapsed:   15.2s finished
render_isotropic.py:65: DeprecationWarning: `np.float` is a deprecated alias for the builtin `float`. To silence this warning, use `float` by itself. Doing this will not modify any behavior and is safe. If you specifically wanted the numpy scalar type, use `np.float64` here.
Deprecated in NumPy 1.20; for more details and guidance: https://numpy.org/devdocs/release/1.20.0-notes.html#deprecations
  M = np.array([x[1] for x in ret], dtype=np.float)
===== 0 - acrylic_felt_orange start =====
Saving images...
===== 0 - acrylic_felt_orange done =====
