render_isotropic.py:41: DeprecationWarning: `np.str` is a deprecated alias for the builtin `str`. To silence this warning, use `str` by itself. Doing this will not modify any behavior and is safe. If you specifically wanted the numpy scalar type, use `np.str_` here.
Deprecated in NumPy 1.20; for more details and guidance: https://numpy.org/devdocs/release/1.20.0-notes.html#deprecations
  obj_names = np.loadtxt(obj_file, dtype=np.str)[min_obj:max_obj]
render_isotropic.py:49: DeprecationWarning: `np.float` is a deprecated alias for the builtin `float`. To silence this warning, use `float` by itself. Doing this will not modify any behavior and is safe. If you specifically wanted the numpy scalar type, use `np.float64` here.
Deprecated in NumPy 1.20; for more details and guidance: https://numpy.org/devdocs/release/1.20.0-notes.html#deprecations
  v = np.array([0., 0., 1.], dtype=np.float)
[Parallel(n_jobs=128)]: Using backend ThreadingBackend with 128 concurrent workers.
[Parallel(n_jobs=128)]: Done  32 tasks      | elapsed:    0.2s
[Parallel(n_jobs=128)]: Done 194 tasks      | elapsed:    0.9s
[Parallel(n_jobs=128)]: Done 392 tasks      | elapsed:    2.0s
[Parallel(n_jobs=128)]: Done 626 tasks      | elapsed:    3.1s
[Parallel(n_jobs=128)]: Done 896 tasks      | elapsed:    4.2s
[Parallel(n_jobs=128)]: Done 1202 tasks      | elapsed:    5.6s
[Parallel(n_jobs=128)]: Done 1544 tasks      | elapsed:    6.9s
[Parallel(n_jobs=128)]: Done 1922 tasks      | elapsed:    8.6s
[Parallel(n_jobs=128)]: Done 2336 tasks      | elapsed:   10.7s
[Parallel(n_jobs=128)]: Done 2786 tasks      | elapsed:   12.7s
[Parallel(n_jobs=128)]: Done 3272 tasks      | elapsed:   15.0s
[Parallel(n_jobs=128)]: Done 3794 tasks      | elapsed:   17.4s
[Parallel(n_jobs=128)]: Done 4352 tasks      | elapsed:   20.0s
[Parallel(n_jobs=128)]: Done 4946 tasks      | elapsed:   22.8s
[Parallel(n_jobs=128)]: Done 5576 tasks      | elapsed:   25.9s
[Parallel(n_jobs=128)]: Done 6242 tasks      | elapsed:   29.0s
[Parallel(n_jobs=128)]: Done 6944 tasks      | elapsed:   32.3s
[Parallel(n_jobs=128)]: Done 7682 tasks      | elapsed:   36.0s
[Parallel(n_jobs=128)]: Done 8456 tasks      | elapsed:   39.8s
[Parallel(n_jobs=128)]: Done 9266 tasks      | elapsed:   43.8s
[Parallel(n_jobs=128)]: Done 10112 tasks      | elapsed:   48.0s
[Parallel(n_jobs=128)]: Done 10994 tasks      | elapsed:   53.2s
[Parallel(n_jobs=128)]: Done 11912 tasks      | elapsed:   56.8s
[Parallel(n_jobs=128)]: Done 12866 tasks      | elapsed:  1.0min
[Parallel(n_jobs=128)]: Done 13856 tasks      | elapsed:  1.1min
[Parallel(n_jobs=128)]: Done 14882 tasks      | elapsed:  1.2min
[Parallel(n_jobs=128)]: Done 15944 tasks      | elapsed:  1.3min
[Parallel(n_jobs=128)]: Done 17042 tasks      | elapsed:  1.4min
[Parallel(n_jobs=128)]: Done 18176 tasks      | elapsed:  1.5min
[Parallel(n_jobs=128)]: Done 19346 tasks      | elapsed:  1.6min
[Parallel(n_jobs=128)]: Done 20552 tasks      | elapsed:  1.7min
[Parallel(n_jobs=128)]: Done 21794 tasks      | elapsed:  1.9min
[Parallel(n_jobs=128)]: Done 23072 tasks      | elapsed:  2.0min
[Parallel(n_jobs=128)]: Done 24386 tasks      | elapsed:  2.1min
[Parallel(n_jobs=128)]: Done 25736 tasks      | elapsed:  2.3min
[Parallel(n_jobs=128)]: Done 27122 tasks      | elapsed:  2.4min
[Parallel(n_jobs=128)]: Done 28544 tasks      | elapsed:  2.6min
[Parallel(n_jobs=128)]: Done 30002 tasks      | elapsed:  2.8min
[Parallel(n_jobs=128)]: Done 31496 tasks      | elapsed:  2.9min
[Parallel(n_jobs=128)]: Done 33026 tasks      | elapsed:  3.1min
[Parallel(n_jobs=128)]: Done 34592 tasks      | elapsed:  3.3min
[Parallel(n_jobs=128)]: Done 36194 tasks      | elapsed:  3.5min
[Parallel(n_jobs=128)]: Done 37832 tasks      | elapsed:  3.6min
[Parallel(n_jobs=128)]: Done 39506 tasks      | elapsed:  3.8min
[Parallel(n_jobs=128)]: Done 41216 tasks      | elapsed:  4.0min
[Parallel(n_jobs=128)]: Done 42962 tasks      | elapsed:  4.2min
[Parallel(n_jobs=128)]: Done 44744 tasks      | elapsed:  4.4min
[Parallel(n_jobs=128)]: Done 46562 tasks      | elapsed:  4.6min
[Parallel(n_jobs=128)]: Done 48416 tasks      | elapsed:  4.8min
[Parallel(n_jobs=128)]: Done 50306 tasks      | elapsed:  5.0min
[Parallel(n_jobs=128)]: Done 52232 tasks      | elapsed:  5.2min
[Parallel(n_jobs=128)]: Done 54194 tasks      | elapsed:  5.4min
[Parallel(n_jobs=128)]: Done 56192 tasks      | elapsed:  5.6min
[Parallel(n_jobs=128)]: Done 58226 tasks      | elapsed:  5.9min
[Parallel(n_jobs=128)]: Done 60296 tasks      | elapsed:  6.1min
[Parallel(n_jobs=128)]: Done 62402 tasks      | elapsed:  6.3min
[Parallel(n_jobs=128)]: Done 64544 tasks      | elapsed:  6.5min
[Parallel(n_jobs=128)]: Done 66722 tasks      | elapsed:  6.8min
[Parallel(n_jobs=128)]: Done 68936 tasks      | elapsed:  7.0min
[Parallel(n_jobs=128)]: Done 71186 tasks      | elapsed:  7.2min
[Parallel(n_jobs=128)]: Done 73472 tasks      | elapsed:  7.5min
[Parallel(n_jobs=128)]: Done 75794 tasks      | elapsed:  7.7min
[Parallel(n_jobs=128)]: Done 78152 tasks      | elapsed:  7.9min
[Parallel(n_jobs=128)]: Done 80381 out of 80381 | elapsed:  8.1min finished
render_isotropic.py:65: DeprecationWarning: `np.float` is a deprecated alias for the builtin `float`. To silence this warning, use `float` by itself. Doing this will not modify any behavior and is safe. If you specifically wanted the numpy scalar type, use `np.float64` here.
Deprecated in NumPy 1.20; for more details and guidance: https://numpy.org/devdocs/release/1.20.0-notes.html#deprecations
  M = np.array([x[1] for x in ret], dtype=np.float)
===== 0 - irid_flake_paint1 start =====
Saving images...
===== 0 - irid_flake_paint1 done =====
